[INFO] Scanning for projects...
[INFO] 
[INFO] --------< com.TaskManagementTool_b7.2:TaskManagementTool_b7.2 >---------
[INFO] Building  0.0.1-SNAPSHOT
[INFO]   from pom.xml
[INFO] --------------------------------[ jar ]---------------------------------
[INFO] 
[INFO] >>> spring-boot:3.2.5:run (default-cli) > test-compile @ TaskManagementTool_b7.2 >>>
[INFO] 
[INFO] --- resources:3.3.1:resources (default-resources) @ TaskManagementTool_b7.2 ---
[INFO] Copying 1 resource from src/main/resources to target/classes
[INFO] Copying 0 resource from src/main/resources to target/classes
[INFO] 
[INFO] --- compiler:3.11.0:compile (default-compile) @ TaskManagementTool_b7.2 ---
[INFO] Nothing to compile - all classes are up to date
[INFO] 
[INFO] --- resources:3.3.1:testResources (default-testResources) @ TaskManagementTool_b7.2 ---
[INFO] skip non existing resourceDirectory /Users/admin/Downloads/TaskManagementTool7.2/taskmanagementtool_b72/src/test/resources
[INFO] 
[INFO] --- compiler:3.11.0:testCompile (default-testCompile) @ TaskManagementTool_b7.2 ---
[INFO] Nothing to compile - all classes are up to date
[INFO] 
[INFO] <<< spring-boot:3.2.5:run (default-cli) < test-compile @ TaskManagementTool_b7.2 <<<
[INFO] 
[INFO] 
[INFO] --- spring-boot:3.2.5:run (default-cli) @ TaskManagementTool_b7.2 ---
[INFO] Attaching agents: []

  .   ____          _            __ _ _
 /\\ / ___'_ __ _ _(_)_ __  __ _ \ \ \ \
( ( )\___ | '_ | '_| | '_ \/ _` | \ \ \ \
 \\/  ___)| |_)| | | | | || (_| |  ) ) ) )
  '  |____| .__|_| |_|_| |_\__, | / / / /
 =========|_|==============|___/=/_/_/_/
 :: Spring Boot ::                (v3.2.5)

2026-05-11T18:38:30.718+05:30  INFO 12154 --- [TaskManagementTool_b7.2] [  restartedMain] c.t.TaskManagementToolApplication        : Starting TaskManagementToolApplication using Java 21.0.10 with PID 12154 (/Users/admin/Downloads/TaskManagementTool7.2/taskmanagementtool_b72/target/classes started by admin in /Users/admin/Downloads/TaskManagementTool7.2/taskmanagementtool_b72)
2026-05-11T18:38:30.718+05:30  INFO 12154 --- [TaskManagementTool_b7.2] [  restartedMain] c.t.TaskManagementToolApplication        : No active profile set, falling back to 1 default profile: "default"
2026-05-11T18:38:30.737+05:30  INFO 12154 --- [TaskManagementTool_b7.2] [  restartedMain] .e.DevToolsPropertyDefaultsPostProcessor : Devtools property defaults active! Set 'spring.devtools.add-properties' to 'false' to disable
2026-05-11T18:38:30.737+05:30  INFO 12154 --- [TaskManagementTool_b7.2] [  restartedMain] .e.DevToolsPropertyDefaultsPostProcessor : For additional web related logging consider setting the 'logging.level.web' property to 'DEBUG'
2026-05-11T18:38:31.045+05:30  INFO 12154 --- [TaskManagementTool_b7.2] [  restartedMain] .s.d.r.c.RepositoryConfigurationDelegate : Bootstrapping Spring Data JPA repositories in DEFAULT mode.
2026-05-11T18:38:31.069+05:30  INFO 12154 --- [TaskManagementTool_b7.2] [  restartedMain] .s.d.r.c.RepositoryConfigurationDelegate : Finished Spring Data repository scanning in 21 ms. Found 2 JPA repository interfaces.
2026-05-11T18:38:31.336+05:30  INFO 12154 --- [TaskManagementTool_b7.2] [  restartedMain] o.s.b.w.embedded.tomcat.TomcatWebServer  : Tomcat initialized with port 7878 (http)
2026-05-11T18:38:31.344+05:30  INFO 12154 --- [TaskManagementTool_b7.2] [  restartedMain] o.apache.catalina.core.StandardService   : Starting service [Tomcat]
2026-05-11T18:38:31.344+05:30  INFO 12154 --- [TaskManagementTool_b7.2] [  restartedMain] o.apache.catalina.core.StandardEngine    : Starting Servlet engine: [Apache Tomcat/10.1.20]
2026-05-11T18:38:31.364+05:30  INFO 12154 --- [TaskManagementTool_b7.2] [  restartedMain] o.a.c.c.C.[Tomcat].[localhost].[/]       : Initializing Spring embedded WebApplicationContext
2026-05-11T18:38:31.365+05:30  INFO 12154 --- [TaskManagementTool_b7.2] [  restartedMain] w.s.c.ServletWebServerApplicationContext : Root WebApplicationContext: initialization completed in 627 ms
2026-05-11T18:38:31.433+05:30  INFO 12154 --- [TaskManagementTool_b7.2] [  restartedMain] o.hibernate.jpa.internal.util.LogHelper  : HHH000204: Processing PersistenceUnitInfo [name: default]
2026-05-11T18:38:31.459+05:30  INFO 12154 --- [TaskManagementTool_b7.2] [  restartedMain] org.hibernate.Version                    : HHH000412: Hibernate ORM core version 6.4.4.Final
2026-05-11T18:38:31.473+05:30  INFO 12154 --- [TaskManagementTool_b7.2] [  restartedMain] o.h.c.internal.RegionFactoryInitiator    : HHH000026: Second-level cache disabled
2026-05-11T18:38:31.569+05:30  INFO 12154 --- [TaskManagementTool_b7.2] [  restartedMain] o.s.o.j.p.SpringPersistenceUnitInfo      : No LoadTimeWeaver setup: ignoring JPA class transformer
2026-05-11T18:38:31.581+05:30  INFO 12154 --- [TaskManagementTool_b7.2] [  restartedMain] com.zaxxer.hikari.HikariDataSource       : HikariPool-1 - Starting...
2026-05-11T18:38:31.790+05:30  INFO 12154 --- [TaskManagementTool_b7.2] [  restartedMain] com.zaxxer.hikari.pool.HikariPool        : HikariPool-1 - Added connection com.mysql.cj.jdbc.ConnectionImpl@28b31701
2026-05-11T18:38:31.791+05:30  INFO 12154 --- [TaskManagementTool_b7.2] [  restartedMain] com.zaxxer.hikari.HikariDataSource       : HikariPool-1 - Start completed.
2026-05-11T18:38:31.830+05:30  WARN 12154 --- [TaskManagementTool_b7.2] [  restartedMain] org.hibernate.orm.deprecation            : HHH90000025: MySQLDialect does not need to be specified explicitly using 'hibernate.dialect' (remove the property setting and it will be selected by default)
2026-05-11T18:38:32.194+05:30  INFO 12154 --- [TaskManagementTool_b7.2] [  restartedMain] o.h.e.t.j.p.i.JtaPlatformInitiator       : HHH000489: No JTA platform available (set 'hibernate.transaction.jta.platform' to enable JTA platform integration)
2026-05-11T18:38:32.234+05:30  INFO 12154 --- [TaskManagementTool_b7.2] [  restartedMain] j.LocalContainerEntityManagerFactoryBean : Initialized JPA EntityManagerFactory for persistence unit 'default'
2026-05-11T18:38:32.422+05:30  WARN 12154 --- [TaskManagementTool_b7.2] [  restartedMain] JpaBaseConfiguration$JpaWebConfiguration : spring.jpa.open-in-view is enabled by default. Therefore, database queries may be performed during view rendering. Explicitly configure spring.jpa.open-in-view to disable this warning
2026-05-11T18:38:32.536+05:30  INFO 12154 --- [TaskManagementTool_b7.2] [  restartedMain] o.s.s.web.DefaultSecurityFilterChain     : Will secure any request with [org.springframework.security.web.session.DisableEncodeUrlFilter@79cf936f, org.springframework.security.web.context.request.async.WebAsyncManagerIntegrationFilter@3f5a800f, org.springframework.security.web.context.SecurityContextHolderFilter@32d014b0, org.springframework.security.web.header.HeaderWriterFilter@58432684, org.springframework.web.filter.CorsFilter@1f5f2fd5, org.springframework.security.web.authentication.logout.LogoutFilter@355e32db, com.taskmanagementtool_b72.security.JWTAuthFilter@c60105, org.springframework.security.web.savedrequest.RequestCacheAwareFilter@2a92ecf1, org.springframework.security.web.servletapi.SecurityContextHolderAwareRequestFilter@86097e0, org.springframework.security.web.authentication.AnonymousAuthenticationFilter@3170f0ce, org.springframework.security.web.session.SessionManagementFilter@410a28f3, org.springframework.security.web.access.ExceptionTranslationFilter@aca9d4a, org.springframework.security.web.access.intercept.AuthorizationFilter@39afef86]
2026-05-11T18:38:32.626+05:30  WARN 12154 --- [TaskManagementTool_b7.2] [  restartedMain] o.s.b.d.a.OptionalLiveReloadServer       : Unable to start LiveReload server
2026-05-11T18:38:32.636+05:30  WARN 12154 --- [TaskManagementTool_b7.2] [  restartedMain] ConfigServletWebServerApplicationContext : Exception encountered during context initialization - cancelling refresh attempt: org.springframework.context.ApplicationContextException: Failed to start bean 'webServerStartStop'
2026-05-11T18:38:32.637+05:30  INFO 12154 --- [TaskManagementTool_b7.2] [  restartedMain] j.LocalContainerEntityManagerFactoryBean : Closing JPA EntityManagerFactory for persistence unit 'default'
2026-05-11T18:38:32.639+05:30  INFO 12154 --- [TaskManagementTool_b7.2] [  restartedMain] com.zaxxer.hikari.HikariDataSource       : HikariPool-1 - Shutdown initiated...
2026-05-11T18:38:32.642+05:30  INFO 12154 --- [TaskManagementTool_b7.2] [  restartedMain] com.zaxxer.hikari.HikariDataSource       : HikariPool-1 - Shutdown completed.
2026-05-11T18:38:32.649+05:30  INFO 12154 --- [TaskManagementTool_b7.2] [  restartedMain] .s.b.a.l.ConditionEvaluationReportLogger : 

Error starting ApplicationContext. To display the condition evaluation report re-run your application with 'debug' enabled.
2026-05-11T18:38:32.656+05:30 ERROR 12154 --- [TaskManagementTool_b7.2] [  restartedMain] o.s.b.d.LoggingFailureAnalysisReporter   : 

***************************
APPLICATION FAILED TO START
***************************

Description:

Web server failed to start. Port 7878 was already in use.

Action:

Identify and stop the process that's listening on port 7878 or configure this application to listen on another port.

[INFO] ------------------------------------------------------------------------
[INFO] BUILD SUCCESS
[INFO] ------------------------------------------------------------------------
[INFO] Total time:  3.098 s
[INFO] Finished at: 2026-05-11T18:38:32+05:30
[INFO] ------------------------------------------------------------------------
